Added Component: Designator=7805(QTO-220)
Add component. Clean all parameters for all variants
Add component (AddParameter): Name = ""; Value = "LM7808"; VariantName = "[No Variations]"
Add component (AddParameter): Name = "Value"; Value = "LM7805"; VariantName = "[No Variations]"
Added Component: Designator=C1(CP1.5/3.4)
Add component. Clean all parameters for all variants
Add component (AddParameter): Name = "Description 1"; Value = "2200uF-3300uF/6,3V - 1000uF-2200uF/10V"; VariantName = "[No Variations]"
Add component (AddParameter): Name = "Description 2"; Value = "1000uF/16V - 470uF => 1000uF/25V - 100uF/100V"; VariantName = "[No Variations]"
Add component (AddParameter): Name = "Description 3"; Value = "330uF>470uF/35V_220uF>470uF/50V_10uF>22uF/250V"; VariantName = "[No Variations]"
Add component (AddParameter): Name = "Description 4"; Value = "220uF => 330uF/63V - 10uF =>33uF/160 - 200V"; VariantName = "[No Variations]"
Add component (AddParameter): Name = "Description 5"; Value = "4,7uF>10uF/250V_3,3uF>10uF/400V - 2,2uF>4,7uF/450V"; VariantName = "[No Variations]"
Add component (AddParameter): Name = "Value"; Value = "1000uF/16V"; VariantName = "[No Variations]"
Added Component: Designator=C2(Cap Non-Pol 3mm)
Add component. Clean all parameters for all variants
Add component (AddParameter): Name = "LatestRevisionDate"; Value = "17-Jul-2002"; VariantName = "[No Variations]"
Add component (AddParameter): Name = "LatestRevisionNote"; Value = "Re-released for DXP Platform."; VariantName = "[No Variations]"
Add component (AddParameter): Name = "PackageReference"; Value = "RAD-0.3"; VariantName = "[No Variations]"
Add component (AddParameter): Name = "Published"; Value = "8-Jun-2000"; VariantName = "[No Variations]"
Add component (AddParameter): Name = "Publisher"; Value = "Altium Limited"; VariantName = "[No Variations]"
Add component (AddParameter): Name = "Value"; Value = "0.33uF"; VariantName = "[No Variations]"
Added Component: Designator=C3(Cap Non-Pol 3mm)
Add component. Clean all parameters for all variants
Add component (AddParameter): Name = "LatestRevisionDate"; Value = "17-Jul-2002"; VariantName = "[No Variations]"
Add component (AddParameter): Name = "LatestRevisionNote"; Value = "Re-released for DXP Platform."; VariantName = "[No Variations]"
Add component (AddParameter): Name = "PackageReference"; Value = "RAD-0.3"; VariantName = "[No Variations]"
Add component (AddParameter): Name = "Published"; Value = "8-Jun-2000"; VariantName = "[No Variations]"
Add component (AddParameter): Name = "Publisher"; Value = "Altium Limited"; VariantName = "[No Variations]"
Add component (AddParameter): Name = "Value"; Value = "0.1uF"; VariantName = "[No Variations]"
Added Component: Designator=C4(CP1.5/3.4)
Add component. Clean all parameters for all variants
Add component (AddParameter): Name = "Description 1"; Value = "2200uF-3300uF/6,3V - 1000uF-2200uF/10V"; VariantName = "[No Variations]"
Add component (AddParameter): Name = "Description 2"; Value = "1000uF/16V - 470uF => 1000uF/25V - 100uF/100V"; VariantName = "[No Variations]"
Add component (AddParameter): Name = "Description 3"; Value = "330uF>470uF/35V_220uF>470uF/50V_10uF>22uF/250V"; VariantName = "[No Variations]"
Add component (AddParameter): Name = "Description 4"; Value = "220uF => 330uF/63V - 10uF =>33uF/160 - 200V"; VariantName = "[No Variations]"
Add component (AddParameter): Name = "Description 5"; Value = "4,7uF>10uF/250V_3,3uF>10uF/400V - 2,2uF>4,7uF/450V"; VariantName = "[No Variations]"
Add component (AddParameter): Name = "Value"; Value = "1000uF/16V"; VariantName = "[No Variations]"
Added Component: Designator=D1(D1A)
Add component. Clean all parameters for all variants
Add component (AddParameter): Name = "Value"; Value = "1N4007"; VariantName = "[No Variations]"
Added Component: Designator=I2C-1(CON4)
Add component. Clean all parameters for all variants
Add component (AddParameter): Name = "Value"; Value = "Connector 4"; VariantName = "[No Variations]"
Added Component: Designator=I2C-2(CON4)
Add component. Clean all parameters for all variants
Add component (AddParameter): Name = "Value"; Value = "Connector 4"; VariantName = "[No Variations]"
Added Component: Designator=K1(MODULE5B)
Add component. Clean all parameters for all variants
Add component (AddParameter): Name = "LatestRevisionDate"; Value = "17-Jul-2002"; VariantName = "[No Variations]"
Add component (AddParameter): Name = "LatestRevisionNote"; Value = "Re-released for DXP Platform."; VariantName = "[No Variations]"
Add component (AddParameter): Name = "PackageReference"; Value = "MODULE5B"; VariantName = "[No Variations]"
Add component (AddParameter): Name = "Published"; Value = "8-Jun-2000"; VariantName = "[No Variations]"
Add component (AddParameter): Name = "Publisher"; Value = "Altium Limited"; VariantName = "[No Variations]"
Added Component: Designator=K2(MODULE5B)
Add component. Clean all parameters for all variants
Add component (AddParameter): Name = "LatestRevisionDate"; Value = "17-Jul-2002"; VariantName = "[No Variations]"
Add component (AddParameter): Name = "LatestRevisionNote"; Value = "Re-released for DXP Platform."; VariantName = "[No Variations]"
Add component (AddParameter): Name = "PackageReference"; Value = "MODULE5B"; VariantName = "[No Variations]"
Add component (AddParameter): Name = "Published"; Value = "8-Jun-2000"; VariantName = "[No Variations]"
Add component (AddParameter): Name = "Publisher"; Value = "Altium Limited"; VariantName = "[No Variations]"
Added Component: Designator=K3(MODULE5B)
Add component. Clean all parameters for all variants
Add component (AddParameter): Name = "LatestRevisionDate"; Value = "17-Jul-2002"; VariantName = "[No Variations]"
Add component (AddParameter): Name = "LatestRevisionNote"; Value = "Re-released for DXP Platform."; VariantName = "[No Variations]"
Add component (AddParameter): Name = "PackageReference"; Value = "MODULE5B"; VariantName = "[No Variations]"
Add component (AddParameter): Name = "Published"; Value = "8-Jun-2000"; VariantName = "[No Variations]"
Add component (AddParameter): Name = "Publisher"; Value = "Altium Limited"; VariantName = "[No Variations]"
Added Component: Designator=K4(MODULE5B)
Add component. Clean all parameters for all variants
Add component (AddParameter): Name = "LatestRevisionDate"; Value = "17-Jul-2002"; VariantName = "[No Variations]"
Add component (AddParameter): Name = "LatestRevisionNote"; Value = "Re-released for DXP Platform."; VariantName = "[No Variations]"
Add component (AddParameter): Name = "PackageReference"; Value = "MODULE5B"; VariantName = "[No Variations]"
Add component (AddParameter): Name = "Published"; Value = "8-Jun-2000"; VariantName = "[No Variations]"
Add component (AddParameter): Name = "Publisher"; Value = "Altium Limited"; VariantName = "[No Variations]"
Added Component: Designator=K5(MODULE5B)
Add component. Clean all parameters for all variants
Add component (AddParameter): Name = "LatestRevisionDate"; Value = "17-Jul-2002"; VariantName = "[No Variations]"
Add component (AddParameter): Name = "LatestRevisionNote"; Value = "Re-released for DXP Platform."; VariantName = "[No Variations]"
Add component (AddParameter): Name = "PackageReference"; Value = "MODULE5B"; VariantName = "[No Variations]"
Add component (AddParameter): Name = "Published"; Value = "8-Jun-2000"; VariantName = "[No Variations]"
Add component (AddParameter): Name = "Publisher"; Value = "Altium Limited"; VariantName = "[No Variations]"
Added Component: Designator=K6(MODULE5B)
Add component. Clean all parameters for all variants
Add component (AddParameter): Name = "LatestRevisionDate"; Value = "17-Jul-2002"; VariantName = "[No Variations]"
Add component (AddParameter): Name = "LatestRevisionNote"; Value = "Re-released for DXP Platform."; VariantName = "[No Variations]"
Add component (AddParameter): Name = "PackageReference"; Value = "MODULE5B"; VariantName = "[No Variations]"
Add component (AddParameter): Name = "Published"; Value = "8-Jun-2000"; VariantName = "[No Variations]"
Add component (AddParameter): Name = "Publisher"; Value = "Altium Limited"; VariantName = "[No Variations]"
Added Component: Designator=K7(MODULE5B)
Add component. Clean all parameters for all variants
Add component (AddParameter): Name = "LatestRevisionDate"; Value = "17-Jul-2002"; VariantName = "[No Variations]"
Add component (AddParameter): Name = "LatestRevisionNote"; Value = "Re-released for DXP Platform."; VariantName = "[No Variations]"
Add component (AddParameter): Name = "PackageReference"; Value = "MODULE5B"; VariantName = "[No Variations]"
Add component (AddParameter): Name = "Published"; Value = "8-Jun-2000"; VariantName = "[No Variations]"
Add component (AddParameter): Name = "Publisher"; Value = "Altium Limited"; VariantName = "[No Variations]"
Added Component: Designator=K8(MODULE5B)
Add component. Clean all parameters for all variants
Add component (AddParameter): Name = "LatestRevisionDate"; Value = "17-Jul-2002"; VariantName = "[No Variations]"
Add component (AddParameter): Name = "LatestRevisionNote"; Value = "Re-released for DXP Platform."; VariantName = "[No Variations]"
Add component (AddParameter): Name = "PackageReference"; Value = "MODULE5B"; VariantName = "[No Variations]"
Add component (AddParameter): Name = "Published"; Value = "8-Jun-2000"; VariantName = "[No Variations]"
Add component (AddParameter): Name = "Publisher"; Value = "Altium Limited"; VariantName = "[No Variations]"
Added Component: Designator=LED1(LED-3)
Add component. Clean all parameters for all variants
Add component (AddParameter): Name = "Value"; Value = "LED 3 ly Single Colour"; VariantName = "[No Variations]"
Added Component: Designator=LED_TX(LED0805)
Add component. Clean all parameters for all variants
Added Component: Designator=LED RX(LED0805)
Add component. Clean all parameters for all variants
Added Component: Designator=Nodemcu-esp8266(*MODULE_ZC563900)
Add component. Clean all parameters for all variants
Add component (AddParameter): Name = "Availability"; Value = "Unavailable"; VariantName = "[No Variations]"
Add component (AddParameter): Name = "MF"; Value = "YKS"; VariantName = "[No Variations]"
Add component (AddParameter): Name = "MP"; Value = "ZC563900"; VariantName = "[No Variations]"
Add component (AddParameter): Name = "Package"; Value = "None"; VariantName = "[No Variations]"
Add component (AddParameter): Name = "Price"; Value = "None"; VariantName = "[No Variations]"
Add component (AddParameter): Name = "SnapEDA_Link"; Value = "https://www.snapeda.com/parts/ZC563900/YKS/view-part/607853/?ref=snap"; VariantName = "[No Variations]"
Add component (AddParameter): Name = "Value"; Value = ""; VariantName = "[No Variations]"
Added Component: Designator=nRF24L01(nRF24L01)
Add component. Clean all parameters for all variants
Added Component: Designator=ON/OFF1(SW2)
Add component. Clean all parameters for all variants
Add component (AddParameter): Name = "Value"; Value = "SW chip 2 pin"; VariantName = "[No Variations]"
Added Component: Designator=PCF8574N(*DIP794W45P254L1969H508Q16)
Add component. Clean all parameters for all variants
Add component (AddParameter): Name = "Availability"; Value = "Good"; VariantName = "[No Variations]"
Add component (AddParameter): Name = "BuyPart"; Value = "https://www.snapeda.com/parts/PCF8574N/Texas%20Instruments/view-part/271889/?ref=eda"; VariantName = "[No Variations]"
Add component (AddParameter): Name = "DigiKey-Purchase-URL"; Value = "https://snapeda.com/shop?store=DigiKey&id=271889"; VariantName = "[No Variations]"
Add component (AddParameter): Name = "MF"; Value = "Texas Instruments"; VariantName = "[No Variations]"
Add component (AddParameter): Name = "Mouser-Purchase-URL"; Value = "https://snapeda.com/shop?store=Mouser&id=271889"; VariantName = "[No Variations]"
Add component (AddParameter): Name = "MP"; Value = "PCF8574N"; VariantName = "[No Variations]"
Add component (AddParameter): Name = "Package"; Value = "PDIP-16 Texas Instruments"; VariantName = "[No Variations]"
Add component (AddParameter): Name = "Price"; Value = "None"; VariantName = "[No Variations]"
Add component (AddParameter): Name = "SnapEDA_Link"; Value = "https://www.snapeda.com/parts/PCF8574N/Texas%20Instruments/view-part/271889/?ref=snap"; VariantName = "[No Variations]"
Add component (AddParameter): Name = "Texas_Instruments-Purchase-URL"; Value = "https://snapeda.com/shop?store=Texas+Instruments&id=271889"; VariantName = "[No Variations]"
Add component (AddParameter): Name = "Value"; Value = ""; VariantName = "[No Variations]"
Added Component: Designator=R1(R1/4W)
Add component. Clean all parameters for all variants
Add component (AddParameter): Name = "Value"; Value = "R1/4W - 1K"; VariantName = "[No Variations]"
Added Component: Designator=R2(R1/4W)
Add component. Clean all parameters for all variants
Add component (AddParameter): Name = "Value"; Value = "R1/4W - 1K"; VariantName = "[No Variations]"
Added Component: Designator=R3(R1/4W)
Add component. Clean all parameters for all variants
Add component (AddParameter): Name = "Value"; Value = "R1/4W - 1K"; VariantName = "[No Variations]"
Added Component: Designator=R4(R1/4W)
Add component. Clean all parameters for all variants
Add component (AddParameter): Name = "Value"; Value = "R1/4W - 1K"; VariantName = "[No Variations]"
Added Component: Designator=Relai1(HED3)
Add component. Clean all parameters for all variants
Add component (AddParameter): Name = "Value"; Value = "Header 3"; VariantName = "[No Variations]"
Added Component: Designator=Relai2(HED3)
Add component. Clean all parameters for all variants
Add component (AddParameter): Name = "Value"; Value = "Header 3"; VariantName = "[No Variations]"
Added Component: Designator=Relai3(HED3)
Add component. Clean all parameters for all variants
Add component (AddParameter): Name = "Value"; Value = "Header 3"; VariantName = "[No Variations]"
Added Component: Designator=Relai4(HED3)
Add component. Clean all parameters for all variants
Add component (AddParameter): Name = "Value"; Value = "Header 3"; VariantName = "[No Variations]"
Added Component: Designator=Relai5(HED3)
Add component. Clean all parameters for all variants
Add component (AddParameter): Name = "Value"; Value = "Header 3"; VariantName = "[No Variations]"
Added Component: Designator=Relai6(HED3)
Add component. Clean all parameters for all variants
Add component (AddParameter): Name = "Value"; Value = "Header 3"; VariantName = "[No Variations]"
Added Component: Designator=Relai7(HED3)
Add component. Clean all parameters for all variants
Add component (AddParameter): Name = "Value"; Value = "Header 3"; VariantName = "[No Variations]"
Added Component: Designator=Relai8(HED3)
Add component. Clean all parameters for all variants
Add component (AddParameter): Name = "Value"; Value = "Header 3"; VariantName = "[No Variations]"
Added Component: Designator=RT(SM-1206)
Add component. Clean all parameters for all variants
Add component (AddParameter): Name = "Value"; Value = "R1/4W - 1K"; VariantName = "[No Variations]"
Added Component: Designator=RX(SM-1206)
Add component. Clean all parameters for all variants
Add component (AddParameter): Name = "Value"; Value = "R1/4W - 1K"; VariantName = "[No Variations]"
Added Component: Designator=UART(CON3)
Add component. Clean all parameters for all variants
Add component (AddParameter): Name = "Value"; Value = "Connector 3"; VariantName = "[No Variations]"
Added Component: Designator=ULN2803A(*DIP850W46P254L2324H393Q18)
Add component. Clean all parameters for all variants
Add component (AddParameter): Name = "BuyPart"; Value = "https://www.snapeda.com/parts/ULN2803A/STMicroelectronics/view-part/697285/?ref=eda"; VariantName = "[No Variations]"
Add component (AddParameter): Name = "Digi-Key_Part_Number"; Value = "497-2356-5-ND"; VariantName = "[No Variations]"
Add component (AddParameter): Name = "MF"; Value = "STMicroelectronics"; VariantName = "[No Variations]"
Add component (AddParameter): Name = "MP"; Value = "ULN2803A"; VariantName = "[No Variations]"
Add component (AddParameter): Name = "Package"; Value = "DIP-18 STMicroelectronics"; VariantName = "[No Variations]"
Add component (AddParameter): Name = "SnapEDA_Link"; Value = "https://www.snapeda.com/parts/ULN2803A/STMicroelectronics/view-part/697285/?ref=snap"; VariantName = "[No Variations]"
Add component (AddParameter): Name = "Value"; Value = ""; VariantName = "[No Variations]"
Added Component: Designator=V-Carte(HED2)
Add component. Clean all parameters for all variants
Add component (AddParameter): Name = "Value"; Value = "Header 2"; VariantName = "[No Variations]"
Added Component: Designator=XT60(*AMASS_XT60PB-M)
Add component. Clean all parameters for all variants
Add component (AddParameter): Name = "Availability"; Value = "Unavailable"; VariantName = "[No Variations]"
Add component (AddParameter): Name = "MF"; Value = "Pololu"; VariantName = "[No Variations]"
Add component (AddParameter): Name = "MP"; Value = "XT60 YELLOW"; VariantName = "[No Variations]"
Add component (AddParameter): Name = "Package"; Value = "None"; VariantName = "[No Variations]"
Add component (AddParameter): Name = "Price"; Value = "None"; VariantName = "[No Variations]"
Add component (AddParameter): Name = "SnapEDA_Link"; Value = "https://www.snapeda.com/parts/XT60%20YELLOW/Pololu/view-part/423230/?ref=snap"; VariantName = "[No Variations]"
Add component (AddParameter): Name = "Value"; Value = ""; VariantName = "[No Variations]"
Added Pin To Net: NetName=3V3 Pin=Nodemcu-esp8266-11
Added Pin To Net: NetName=3V3 Pin=nRF24L01-2
Added Net: Name=3V3
Added Pin To Net: NetName=5V Pin=7805-3
Added Pin To Net: NetName=5V Pin=C3-2
Added Pin To Net: NetName=5V Pin=I2C-1-3
Added Pin To Net: NetName=5V Pin=I2C-2-3
Added Pin To Net: NetName=5V Pin=LED_TX-1
Added Pin To Net: NetName=5V Pin=LED RX-1
Added Pin To Net: NetName=5V Pin=Nodemcu-esp8266-15
Added Pin To Net: NetName=5V Pin=PCF8574N-16
Added Pin To Net: NetName=5V Pin=R1-1
Added Pin To Net: NetName=5V Pin=R2-2
Added Pin To Net: NetName=5V Pin=R3-2
Added Pin To Net: NetName=5V Pin=R4-2
Added Net: Name=5V
Added Pin To Net: NetName=12V6 Pin=C4-1
Added Pin To Net: NetName=12V6 Pin=K1-3
Added Pin To Net: NetName=12V6 Pin=K2-3
Added Pin To Net: NetName=12V6 Pin=K3-3
Added Pin To Net: NetName=12V6 Pin=K4-3
Added Pin To Net: NetName=12V6 Pin=K5-3
Added Pin To Net: NetName=12V6 Pin=K6-3
Added Pin To Net: NetName=12V6 Pin=K7-3
Added Pin To Net: NetName=12V6 Pin=K8-3
Added Pin To Net: NetName=12V6 Pin=Relai1-3
Added Pin To Net: NetName=12V6 Pin=Relai2-3
Added Pin To Net: NetName=12V6 Pin=Relai3-3
Added Pin To Net: NetName=12V6 Pin=Relai4-3
Added Pin To Net: NetName=12V6 Pin=Relai5-3
Added Pin To Net: NetName=12V6 Pin=Relai6-3
Added Pin To Net: NetName=12V6 Pin=Relai7-3
Added Pin To Net: NetName=12V6 Pin=Relai8-3
Added Pin To Net: NetName=12V6 Pin=ULN2803A-10
Added Pin To Net: NetName=12V6 Pin=XT60-1
Added Net: Name=12V6
Added Pin To Net: NetName=12V Pin=7805-1
Added Pin To Net: NetName=12V Pin=C2-2
Added Pin To Net: NetName=12V Pin=D1-2
Added Pin To Net: NetName=12V Pin=K1-4
Added Pin To Net: NetName=12V Pin=K2-4
Added Pin To Net: NetName=12V Pin=K3-4
Added Pin To Net: NetName=12V Pin=K4-4
Added Pin To Net: NetName=12V Pin=K5-4
Added Pin To Net: NetName=12V Pin=K6-4
Added Pin To Net: NetName=12V Pin=K7-4
Added Pin To Net: NetName=12V Pin=K8-4
Added Net: Name=12V
Added Pin To Net: NetName=CE Pin=Nodemcu-esp8266-22
Added Pin To Net: NetName=CE Pin=nRF24L01-3
Added Net: Name=CE
Added Pin To Net: NetName=CSN Pin=Nodemcu-esp8266-21
Added Pin To Net: NetName=CSN Pin=nRF24L01-4
Added Net: Name=CSN
Added Pin To Net: NetName=D0 Pin=Nodemcu-esp8266-30
Added Net: Name=D0
Added Pin To Net: NetName=D3 Pin=Nodemcu-esp8266-27
Added Net: Name=D3
Added Pin To Net: NetName=D4 Pin=Nodemcu-esp8266-26
Added Net: Name=D4
Added Pin To Net: NetName=D5 Pin=Nodemcu-esp8266-23
Added Net: Name=D5
Added Pin To Net: NetName=GND Pin=7805-2
Added Pin To Net: NetName=GND Pin=C1-2
Added Pin To Net: NetName=GND Pin=C2-1
Added Pin To Net: NetName=GND Pin=C3-1
Added Pin To Net: NetName=GND Pin=C4-2
Added Pin To Net: NetName=GND Pin=I2C-1-4
Added Pin To Net: NetName=GND Pin=I2C-2-4
Added Pin To Net: NetName=GND Pin=K1-1
Added Pin To Net: NetName=GND Pin=K2-1
Added Pin To Net: NetName=GND Pin=K3-1
Added Pin To Net: NetName=GND Pin=K4-1
Added Pin To Net: NetName=GND Pin=K5-1
Added Pin To Net: NetName=GND Pin=K6-1
Added Pin To Net: NetName=GND Pin=K7-1
Added Pin To Net: NetName=GND Pin=K8-1
Added Pin To Net: NetName=GND Pin=LED1-2
Added Pin To Net: NetName=GND Pin=Nodemcu-esp8266-10
Added Pin To Net: NetName=GND Pin=Nodemcu-esp8266-14
Added Pin To Net: NetName=GND Pin=Nodemcu-esp8266-17
Added Pin To Net: NetName=GND Pin=Nodemcu-esp8266-24
Added Pin To Net: NetName=GND Pin=nRF24L01-1
Added Pin To Net: NetName=GND Pin=PCF8574N-1
Added Pin To Net: NetName=GND Pin=PCF8574N-2
Added Pin To Net: NetName=GND Pin=PCF8574N-8
Added Pin To Net: NetName=GND Pin=Relai1-2
Added Pin To Net: NetName=GND Pin=Relai2-2
Added Pin To Net: NetName=GND Pin=Relai3-2
Added Pin To Net: NetName=GND Pin=Relai4-2
Added Pin To Net: NetName=GND Pin=Relai5-2
Added Pin To Net: NetName=GND Pin=Relai6-2
Added Pin To Net: NetName=GND Pin=Relai7-2
Added Pin To Net: NetName=GND Pin=Relai8-2
Added Pin To Net: NetName=GND Pin=UART-3
Added Pin To Net: NetName=GND Pin=ULN2803A-9
Added Pin To Net: NetName=GND Pin=V-Carte-1
Added Pin To Net: NetName=GND Pin=XT60-2
Added Net: Name=GND
Added Pin To Net: NetName=MISO Pin=Nodemcu-esp8266-8
Added Pin To Net: NetName=MISO Pin=nRF24L01-7
Added Net: Name=MISO
Added Pin To Net: NetName=MOSI Pin=Nodemcu-esp8266-6
Added Pin To Net: NetName=MOSI Pin=nRF24L01-6
Added Net: Name=MOSI
Added Pin To Net: NetName=NetC1_1 Pin=C1-1
Added Pin To Net: NetName=NetC1_1 Pin=ON/OFF1-1
Added Pin To Net: NetName=NetC1_1 Pin=V-Carte-2
Added Net: Name=NetC1_1
Added Pin To Net: NetName=NetD1_1 Pin=D1-1
Added Pin To Net: NetName=NetD1_1 Pin=ON/OFF1-2
Added Net: Name=NetD1_1
Added Pin To Net: NetName=NetK1_2 Pin=K1-2
Added Pin To Net: NetName=NetK1_2 Pin=Relai1-1
Added Net: Name=NetK1_2
Added Pin To Net: NetName=NetK2_2 Pin=K2-2
Added Pin To Net: NetName=NetK2_2 Pin=Relai8-1
Added Net: Name=NetK2_2
Added Pin To Net: NetName=NetK3_2 Pin=K3-2
Added Pin To Net: NetName=NetK3_2 Pin=Relai2-1
Added Net: Name=NetK3_2
Added Pin To Net: NetName=NetK4_2 Pin=K4-2
Added Pin To Net: NetName=NetK4_2 Pin=Relai7-1
Added Net: Name=NetK4_2
Added Pin To Net: NetName=NetK5_2 Pin=K5-2
Added Pin To Net: NetName=NetK5_2 Pin=Relai3-1
Added Net: Name=NetK5_2
Added Pin To Net: NetName=NetK6_2 Pin=K6-2
Added Pin To Net: NetName=NetK6_2 Pin=Relai6-1
Added Net: Name=NetK6_2
Added Pin To Net: NetName=NetK7_2 Pin=K7-2
Added Pin To Net: NetName=NetK7_2 Pin=Relai4-1
Added Net: Name=NetK7_2
Added Pin To Net: NetName=NetK8_2 Pin=K8-2
Added Pin To Net: NetName=NetK8_2 Pin=Relai5-1
Added Net: Name=NetK8_2
Added Pin To Net: NetName=NetLED1_1 Pin=LED1-1
Added Pin To Net: NetName=NetLED1_1 Pin=R1-2
Added Net: Name=NetLED1_1
Added Pin To Net: NetName=NetLED_TX_2 Pin=LED_TX-2
Added Pin To Net: NetName=NetLED_TX_2 Pin=RX-1
Added Net: Name=NetLED_TX_2
Added Pin To Net: NetName=NetLED RX_2 Pin=LED RX-2
Added Pin To Net: NetName=NetLED RX_2 Pin=RT-1
Added Net: Name=NetLED RX_2
Added Pin To Net: NetName=NetPCF8574N_3 Pin=PCF8574N-3
Added Pin To Net: NetName=NetPCF8574N_3 Pin=R4-1
Added Net: Name=NetPCF8574N_3
Added Pin To Net: NetName=NetPCF8574N_4 Pin=PCF8574N-4
Added Pin To Net: NetName=NetPCF8574N_4 Pin=ULN2803A-1
Added Net: Name=NetPCF8574N_4
Added Pin To Net: NetName=NetPCF8574N_5 Pin=PCF8574N-5
Added Pin To Net: NetName=NetPCF8574N_5 Pin=ULN2803A-2
Added Net: Name=NetPCF8574N_5
Added Pin To Net: NetName=NetPCF8574N_6 Pin=PCF8574N-6
Added Pin To Net: NetName=NetPCF8574N_6 Pin=ULN2803A-3
Added Net: Name=NetPCF8574N_6
Added Pin To Net: NetName=NetPCF8574N_7 Pin=PCF8574N-7
Added Pin To Net: NetName=NetPCF8574N_7 Pin=ULN2803A-4
Added Net: Name=NetPCF8574N_7
Added Pin To Net: NetName=NetPCF8574N_9 Pin=PCF8574N-9
Added Pin To Net: NetName=NetPCF8574N_9 Pin=ULN2803A-5
Added Net: Name=NetPCF8574N_9
Added Pin To Net: NetName=NetPCF8574N_10 Pin=PCF8574N-10
Added Pin To Net: NetName=NetPCF8574N_10 Pin=ULN2803A-6
Added Net: Name=NetPCF8574N_10
Added Pin To Net: NetName=NetPCF8574N_11 Pin=PCF8574N-11
Added Pin To Net: NetName=NetPCF8574N_11 Pin=ULN2803A-7
Added Net: Name=NetPCF8574N_11
Added Pin To Net: NetName=NetPCF8574N_12 Pin=PCF8574N-12
Added Pin To Net: NetName=NetPCF8574N_12 Pin=ULN2803A-8
Added Net: Name=NetPCF8574N_12
Added Pin To Net: NetName=Relai1 Pin=K1-5
Added Pin To Net: NetName=Relai1 Pin=ULN2803A-18
Added Net: Name=Relai1
Added Pin To Net: NetName=Relai2 Pin=K3-5
Added Pin To Net: NetName=Relai2 Pin=ULN2803A-17
Added Net: Name=Relai2
Added Pin To Net: NetName=Relai3 Pin=K5-5
Added Pin To Net: NetName=Relai3 Pin=ULN2803A-16
Added Net: Name=Relai3
Added Pin To Net: NetName=Relai4 Pin=K7-5
Added Pin To Net: NetName=Relai4 Pin=ULN2803A-15
Added Net: Name=Relai4
Added Pin To Net: NetName=Relai5 Pin=K8-5
Added Pin To Net: NetName=Relai5 Pin=ULN2803A-14
Added Net: Name=Relai5
Added Pin To Net: NetName=Relai6 Pin=K6-5
Added Pin To Net: NetName=Relai6 Pin=ULN2803A-13
Added Net: Name=Relai6
Added Pin To Net: NetName=Relai7 Pin=K4-5
Added Pin To Net: NetName=Relai7 Pin=ULN2803A-12
Added Net: Name=Relai7
Added Pin To Net: NetName=Relai8 Pin=K2-5
Added Pin To Net: NetName=Relai8 Pin=ULN2803A-11
Added Net: Name=Relai8
Added Pin To Net: NetName=RX Pin=Nodemcu-esp8266-19
Added Pin To Net: NetName=RX Pin=RT-2
Added Pin To Net: NetName=RX Pin=UART-2
Added Net: Name=RX
Added Pin To Net: NetName=SCK Pin=Nodemcu-esp8266-9
Added Pin To Net: NetName=SCK Pin=nRF24L01-5
Added Net: Name=SCK
Added Pin To Net: NetName=SCL Pin=I2C-1-1
Added Pin To Net: NetName=SCL Pin=I2C-2-1
Added Pin To Net: NetName=SCL Pin=Nodemcu-esp8266-29
Added Pin To Net: NetName=SCL Pin=PCF8574N-14
Added Pin To Net: NetName=SCL Pin=R3-1
Added Net: Name=SCL
Added Pin To Net: NetName=SDA Pin=I2C-1-2
Added Pin To Net: NetName=SDA Pin=I2C-2-2
Added Pin To Net: NetName=SDA Pin=Nodemcu-esp8266-28
Added Pin To Net: NetName=SDA Pin=PCF8574N-15
Added Pin To Net: NetName=SDA Pin=R2-1
Added Net: Name=SDA
Added Pin To Net: NetName=SS Pin=Nodemcu-esp8266-7
Added Net: Name=SS
Added Pin To Net: NetName=TX Pin=Nodemcu-esp8266-18
Added Pin To Net: NetName=TX Pin=RX-2
Added Pin To Net: NetName=TX Pin=UART-1
Added Net: Name=TX
Added Class: Name=GateWay-NRF-version-commande
Added Class: Name=GateWay-NRF-version-puissance
Added Class: Name=GateWay-NRF-version
Added Room: Name=GateWay-NRF-version
Added Room: Name=GateWay-NRF-version-commande
Added Room: Name=GateWay-NRF-version-puissance
